<?xml version="1.0" encoding="UTF-8"?>
<testsuite xmlns:xsi="http://www.w3.org/2001/XMLSchema-instance" xsi:noNamespaceSchemaLocation="https://maven.apache.org/surefire/maven-surefire-plugin/xsd/surefire-test-report.xsd" name="cc.coopersoft.common.JsonRawDeserializerTest" time="0.221" tests="5" errors="0" skipped="0" failures="0">
  <properties>
[...]
</properties>
  <testcase name="testLongJson" classname="cc.coopersoft.common.JsonRawDeserializerTest" time="0.111"/>
  <testcase name="testFlux" classname="cc.coopersoft.common.JsonRawDeserializerTest" time="0.077"/>
  <testcase name="ttt" classname="cc.coopersoft.common.JsonRawDeserializerTest" time="0.008"/>
  <testcase name="testSnakeToCamel" classname="cc.coopersoft.common.JsonRawDeserializerTest" time="0.002"/>
  <testcase name="deserialize" classname="cc.coopersoft.common.JsonRawDeserializerTest" time="0.013"/>
</testsuite>